# JRE version: Java(TM) SE Runtime Environment (8.0_144-b01) (build 1.8.0_144-b01)
# Java VM: Java HotSpot(TM) 64-Bit Server VM (25.144-b01 mixed mode windows-amd64 compressed oops)
Heap:
 PSYoungGen      total 311808K, used 62780K [0x00000000de800000, 0x00000000f2a80000, 0x0000000100000000)
  eden space 301568K, 17% used [0x00000000de800000,0x00000000e1b7fb30,0x00000000f0e80000)
  from space 10240K, 98% used [0x00000000f2080000,0x00000000f2a4f8b0,0x00000000f2a80000)
  to   space 13824K, 0% used [0x00000000f0f80000,0x00000000f0f80000,0x00000000f1d00000)
 ParOldGen       total 52224K, used 15727K [0x000000009b800000, 0x000000009eb00000, 0x00000000de800000)
  object space 52224K, 30% used [0x000000009b800000,0x000000009c75bc10,0x000000009eb00000)
 Metaspace       used 44076K, capacity 45724K, committed 46080K, reserved 1089536K
  class space    used 5509K, capacity 5796K, committed 5888K, reserved 1048576K
GC Heap History (10 events):
Event: 41.104 GC heap before
{Heap before GC invocations=8 (full 1):
 PSYoungGen      total 115200K, used 106496K [0x00000000de800000, 0x00000000e6100000, 0x0000000100000000)
  eden space 106496K, 100% used [0x00000000de800000,0x00000000e5000000,0x00000000e5000000)
  from space 8704K, 0% used [0x00000000e5880000,0x00000000e5880000,0x00000000e6100000)
  to   space 8704K, 0% used [0x00000000e5000000,0x00000000e5000000,0x00000000e5880000)
 ParOldGen       total 41472K, used 8686K [0x000000009b800000, 0x000000009e080000, 0x00000000de800000)
  object space 41472K, 20% used [0x000000009b800000,0x000000009c07b9e8,0x000000009e080000)
 Metaspace       used 29112K, capacity 29996K, committed 30080K, reserved 1075200K
  class space    used 3761K, capacity 3948K, committed 3968K, reserved 1048576K
Event: 41.160 GC heap after
Heap after GC invocations=8 (full 1):
 PSYoungGen      total 115200K, used 8694K [0x00000000de800000, 0x00000000ec680000, 0x0000000100000000)
  eden space 106496K, 0% used [0x00000000de800000,0x00000000de800000,0x00000000e5000000)
  from space 8704K, 99% used [0x00000000e5000000,0x00000000e587d9e0,0x00000000e5880000)
  to   space 10752K, 0% used [0x00000000ebc00000,0x00000000ebc00000,0x00000000ec680000)
 ParOldGen       total 41472K, used 10765K [0x000000009b800000, 0x000000009e080000, 0x00000000de800000)
  object space 41472K, 25% used [0x000000009b800000,0x000000009c283520,0x000000009e080000)
 Metaspace       used 29112K, capacity 29996K, committed 30080K, reserved 1075200K
  class space    used 3761K, capacity 3948K, committed 3968K, reserved 1048576K
}
Event: 55.822 GC heap before
{Heap before GC invocations=9 (full 1):
 PSYoungGen      total 115200K, used 99571K [0x00000000de800000, 0x00000000ec680000, 0x0000000100000000)
  eden space 106496K, 85% used [0x00000000de800000,0x00000000e40bf398,0x00000000e5000000)
  from space 8704K, 99% used [0x00000000e5000000,0x00000000e587d9e0,0x00000000e5880000)
  to   space 10752K, 0% used [0x00000000ebc00000,0x00000000ebc00000,0x00000000ec680000)
 ParOldGen       total 41472K, used 10765K [0x000000009b800000, 0x000000009e080000, 0x00000000de800000)
  object space 41472K, 25% used [0x000000009b800000,0x000000009c283520,0x000000009e080000)
 Metaspace       used 34243K, capacity 35240K, committed 35416K, reserved 1081344K
  class space    used 4286K, capacity 4518K, committed 4608K, reserved 1048576K
Event: 56.108 GC heap after
Heap after GC invocations=9 (full 1):
 PSYoungGen      total 215552K, used 10749K [0x00000000de800000, 0x00000000ec800000, 0x0000000100000000)
  eden space 204800K, 0% used [0x00000000de800000,0x00000000de800000,0x00000000eb000000)
  from space 10752K, 99% used [0x00000000ebc00000,0x00000000ec67f590,0x00000000ec680000)
  to   space 12288K, 0% used [0x00000000eb000000,0x00000000eb000000,0x00000000ebc00000)
 ParOldGen       total 41472K, used 10867K [0x000000009b800000, 0x000000009e080000, 0x00000000de800000)
  object space 41472K, 26% used [0x000000009b800000,0x000000009c29cd80,0x000000009e080000)
 Metaspace       used 34243K, capacity 35240K, committed 35416K, reserved 1081344K
  class space    used 4286K, capacity 4518K, committed 4608K, reserved 1048576K
}
Event: 56.108 GC heap before
{Heap before GC invocations=10 (full 2):
 PSYoungGen      total 215552K, used 10749K [0x00000000de800000, 0x00000000ec800000, 0x0000000100000000)
  eden space 204800K, 0% used [0x00000000de800000,0x00000000de800000,0x00000000eb000000)
  from space 10752K, 99% used [0x00000000ebc00000,0x00000000ec67f590,0x00000000ec680000)
  to   space 12288K, 0% used [0x00000000eb000000,0x00000000eb000000,0x00000000ebc00000)
 ParOldGen       total 41472K, used 10867K [0x000000009b800000, 0x000000009e080000, 0x00000000de800000)
  object space 41472K, 26% used [0x000000009b800000,0x000000009c29cd80,0x000000009e080000)
 Metaspace       used 34243K, capacity 35240K, committed 35416K, reserved 1081344K
  class space    used 4286K, capacity 4518K, committed 4608K, reserved 1048576K
Event: 56.741 GC heap after
Heap after GC invocations=10 (full 2):
 PSYoungGen      total 215552K, used 0K [0x00000000de800000, 0x00000000ec800000, 0x0000000100000000)
  eden space 204800K, 0% used [0x00000000de800000,0x00000000de800000,0x00000000eb000000)
  from space 10752K, 0% used [0x00000000ebc00000,0x00000000ebc00000,0x00000000ec680000)
  to   space 12288K, 0% used [0x00000000eb000000,0x00000000eb000000,0x00000000ebc00000)
 ParOldGen       total 52224K, used 15711K [0x000000009b800000, 0x000000009eb00000, 0x00000000de800000)
  object space 52224K, 30% used [0x000000009b800000,0x000000009c757c10,0x000000009eb00000)
 Metaspace       used 34243K, capacity 35240K, committed 35416K, reserved 1081344K
  class space    used 4286K, capacity 4518K, committed 4608K, reserved 1048576K
}
Event: 65.497 GC heap before
{Heap before GC invocations=11 (full 2):
 PSYoungGen      total 215552K, used 204800K [0x00000000de800000, 0x00000000ec800000, 0x0000000100000000)
  eden space 204800K, 100% used [0x00000000de800000,0x00000000eb000000,0x00000000eb000000)
  from space 10752K, 0% used [0x00000000ebc00000,0x00000000ebc00000,0x00000000ec680000)
  to   space 12288K, 0% used [0x00000000eb000000,0x00000000eb000000,0x00000000ebc00000)
 ParOldGen       total 52224K, used 15711K [0x000000009b800000, 0x000000009eb00000, 0x00000000de800000)
  object space 52224K, 30% used [0x000000009b800000,0x000000009c757c10,0x000000009eb00000)
 Metaspace       used 39493K, capacity 41146K, committed 41472K, reserved 1085440K
  class space    used 4955K, capacity 5255K, committed 5376K, reserved 1048576K
Event: 65.595 GC heap after
Heap after GC invocations=11 (full 2):
 PSYoungGen      total 217088K, used 9890K [0x00000000de800000, 0x00000000f2d80000, 0x0000000100000000)
  eden space 204800K, 0% used [0x00000000de800000,0x00000000de800000,0x00000000eb000000)
  from space 12288K, 80% used [0x00000000eb000000,0x00000000eb9a8ba0,0x00000000ebc00000)
  to   space 13312K, 0% used [0x00000000f2080000,0x00000000f2080000,0x00000000f2d80000)
 ParOldGen       total 52224K, used 15719K [0x000000009b800000, 0x000000009eb00000, 0x00000000de800000)
  object space 52224K, 30% used [0x000000009b800000,0x000000009c759c10,0x000000009eb00000)
 Metaspace       used 39493K, capacity 41146K, committed 41472K, reserved 1085440K
  class space    used 4955K, capacity 5255K, committed 5376K, reserved 1048576K
}
Event: 407.675 GC heap before
{Heap before GC invocations=12 (full 2):
 PSYoungGen      total 217088K, used 214690K [0x00000000de800000, 0x00000000f2d80000, 0x0000000100000000)
  eden space 204800K, 100% used [0x00000000de800000,0x00000000eb000000,0x00000000eb000000)
  from space 12288K, 80% used [0x00000000eb000000,0x00000000eb9a8ba0,0x00000000ebc00000)
  to   space 13312K, 0% used [0x00000000f2080000,0x00000000f2080000,0x00000000f2d80000)
 ParOldGen       total 52224K, used 15719K [0x000000009b800000, 0x000000009eb00000, 0x00000000de800000)
  object space 52224K, 30% used [0x000000009b800000,0x000000009c759c10,0x000000009eb00000)
 Metaspace       used 43932K, capacity 45660K, committed 46080K, reserved 1089536K
  class space    used 5509K, capacity 5796K, committed 5888K, reserved 1048576K
Event: 407.749 GC heap after
Heap after GC invocations=12 (full 2):
 PSYoungGen      total 311808K, used 10046K [0x00000000de800000, 0x00000000f2a80000, 0x0000000100000000)
  eden space 301568K, 0% used [0x00000000de800000,0x00000000de800000,0x00000000f0e80000)
  from space 10240K, 98% used [0x00000000f2080000,0x00000000f2a4f8b0,0x00000000f2a80000)
  to   space 13824K, 0% used [0x00000000f0f80000,0x00000000f0f80000,0x00000000f1d00000)
 ParOldGen       total 52224K, used 15727K [0x000000009b800000, 0x000000009eb00000, 0x00000000de800000)
  object space 52224K, 30% used [0x000000009b800000,0x000000009c75bc10,0x000000009eb00000)
 Metaspace       used 43932K, capacity 45660K, committed 46080K, reserved 1089536K
  class space    used 5509K, capacity 5796K, committed 5888K, reserved 1048576K
}

