# JRE version: OpenJDK Runtime Environment (8.0_212-b04) (build 1.8.0_212-release-1586-b04)
# Java VM: OpenJDK 64-Bit Server VM (25.212-b04 mixed mode windows-amd64 compressed oops)
Heap:
 PSYoungGen      total 148480K, used 23093K [0x00000000f5580000, 0x0000000100000000, 0x0000000100000000)
  eden space 122368K, 16% used [0x00000000f5580000,0x00000000f68d5538,0x00000000fcd00000)
  from space 26112K, 12% used [0x00000000fe680000,0x00000000fe9b8028,0x0000000100000000)
  to   space 26112K, 0% used [0x00000000fcd00000,0x00000000fcd00000,0x00000000fe680000)
 ParOldGen       total 130560K, used 62122K [0x00000000e0000000, 0x00000000e7f80000, 0x00000000f5580000)
  object space 130560K, 47% used [0x00000000e0000000,0x00000000e3caa928,0x00000000e7f80000)
 Metaspace       used 68850K, capacity 71758K, committed 72024K, reserved 1112064K
  class space    used 9375K, capacity 10026K, committed 10112K, reserved 1048576K
GC Heap History (10 events):
Event: 44.556 GC heap before
{Heap before GC invocations=13 (full 3):
 PSYoungGen      total 144384K, used 13805K [0x00000000f5580000, 0x0000000100000000, 0x0000000100000000)
  eden space 130560K, 0% used [0x00000000f5580000,0x00000000f5580000,0x00000000fd500000)
  from space 13824K, 99% used [0x00000000ff280000,0x00000000ffffb7b0,0x0000000100000000)
  to   space 22016K, 0% used [0x00000000fd500000,0x00000000fd500000,0x00000000fea80000)
 ParOldGen       total 83968K, used 31419K [0x00000000e0000000, 0x00000000e5200000, 0x00000000f5580000)
  object space 83968K, 37% used [0x00000000e0000000,0x00000000e1eaef00,0x00000000e5200000)
 Metaspace       used 57015K, capacity 59010K, committed 59096K, reserved 1099776K
  class space    used 7871K, capacity 8362K, committed 8448K, reserved 1048576K
Event: 45.890 GC heap after
Heap after GC invocations=13 (full 3):
 PSYoungGen      total 144384K, used 0K [0x00000000f5580000, 0x0000000100000000, 0x0000000100000000)
  eden space 130560K, 0% used [0x00000000f5580000,0x00000000f5580000,0x00000000fd500000)
  from space 13824K, 0% used [0x00000000ff280000,0x00000000ff280000,0x0000000100000000)
  to   space 22016K, 0% used [0x00000000fd500000,0x00000000fd500000,0x00000000fea80000)
 ParOldGen       total 130560K, used 36194K [0x00000000e0000000, 0x00000000e7f80000, 0x00000000f5580000)
  object space 130560K, 27% used [0x00000000e0000000,0x00000000e2358ab0,0x00000000e7f80000)
 Metaspace       used 57015K, capacity 59010K, committed 59096K, reserved 1099776K
  class space    used 7871K, capacity 8362K, committed 8448K, reserved 1048576K
}
Event: 61.658 GC heap before
{Heap before GC invocations=14 (full 3):
 PSYoungGen      total 144384K, used 130560K [0x00000000f5580000, 0x0000000100000000, 0x0000000100000000)
  eden space 130560K, 100% used [0x00000000f5580000,0x00000000fd500000,0x00000000fd500000)
  from space 13824K, 0% used [0x00000000ff280000,0x00000000ff280000,0x0000000100000000)
  to   space 22016K, 0% used [0x00000000fd500000,0x00000000fd500000,0x00000000fea80000)
 ParOldGen       total 130560K, used 36194K [0x00000000e0000000, 0x00000000e7f80000, 0x00000000f5580000)
  object space 130560K, 27% used [0x00000000e0000000,0x00000000e2358ab0,0x00000000e7f80000)
 Metaspace       used 60181K, capacity 62536K, committed 62808K, reserved 1103872K
  class space    used 8235K, capacity 8771K, committed 8832K, reserved 1048576K
Event: 61.734 GC heap after
Heap after GC invocations=14 (full 3):
 PSYoungGen      total 152576K, used 10577K [0x00000000f5580000, 0x0000000100000000, 0x0000000100000000)
  eden space 130560K, 0% used [0x00000000f5580000,0x00000000f5580000,0x00000000fd500000)
  from space 22016K, 48% used [0x00000000fd500000,0x00000000fdf54540,0x00000000fea80000)
  to   space 20992K, 0% used [0x00000000feb80000,0x00000000feb80000,0x0000000100000000)
 ParOldGen       total 130560K, used 36202K [0x00000000e0000000, 0x00000000e7f80000, 0x00000000f5580000)
  object space 130560K, 27% used [0x00000000e0000000,0x00000000e235aab0,0x00000000e7f80000)
 Metaspace       used 60181K, capacity 62536K, committed 62808K, reserved 1103872K
  class space    used 8235K, capacity 8771K, committed 8832K, reserved 1048576K
}
Event: 72.583 GC heap before
{Heap before GC invocations=15 (full 3):
 PSYoungGen      total 152576K, used 141137K [0x00000000f5580000, 0x0000000100000000, 0x0000000100000000)
  eden space 130560K, 100% used [0x00000000f5580000,0x00000000fd500000,0x00000000fd500000)
  from space 22016K, 48% used [0x00000000fd500000,0x00000000fdf54540,0x00000000fea80000)
  to   space 20992K, 0% used [0x00000000feb80000,0x00000000feb80000,0x0000000100000000)
 ParOldGen       total 130560K, used 36202K [0x00000000e0000000, 0x00000000e7f80000, 0x00000000f5580000)
  object space 130560K, 27% used [0x00000000e0000000,0x00000000e235aab0,0x00000000e7f80000)
 Metaspace       used 67236K, capacity 69988K, committed 70232K, reserved 1110016K
  class space    used 9244K, capacity 9855K, committed 9856K, reserved 1048576K
Event: 72.857 GC heap after
Heap after GC invocations=15 (full 3):
 PSYoungGen      total 143360K, used 20973K [0x00000000f5580000, 0x0000000100000000, 0x0000000100000000)
  eden space 122368K, 0% used [0x00000000f5580000,0x00000000f5580000,0x00000000fcd00000)
  from space 20992K, 99% used [0x00000000feb80000,0x00000000ffffb6e0,0x0000000100000000)
  to   space 26112K, 0% used [0x00000000fcd00000,0x00000000fcd00000,0x00000000fe680000)
 ParOldGen       total 130560K, used 41757K [0x00000000e0000000, 0x00000000e7f80000, 0x00000000f5580000)
  object space 130560K, 31% used [0x00000000e0000000,0x00000000e28c7730,0x00000000e7f80000)
 Metaspace       used 67236K, capacity 69988K, committed 70232K, reserved 1110016K
  class space    used 9244K, capacity 9855K, committed 9856K, reserved 1048576K
}
Event: 79.960 GC heap before
{Heap before GC invocations=16 (full 3):
 PSYoungGen      total 143360K, used 143341K [0x00000000f5580000, 0x0000000100000000, 0x0000000100000000)
  eden space 122368K, 100% used [0x00000000f5580000,0x00000000fcd00000,0x00000000fcd00000)
  from space 20992K, 99% used [0x00000000feb80000,0x00000000ffffb6e0,0x0000000100000000)
  to   space 26112K, 0% used [0x00000000fcd00000,0x00000000fcd00000,0x00000000fe680000)
 ParOldGen       total 130560K, used 41757K [0x00000000e0000000, 0x00000000e7f80000, 0x00000000f5580000)
  object space 130560K, 31% used [0x00000000e0000000,0x00000000e28c7730,0x00000000e7f80000)
 Metaspace       used 68347K, capacity 71122K, committed 71384K, reserved 1110016K
  class space    used 9312K, capacity 9934K, committed 9984K, reserved 1048576K
Event: 80.258 GC heap after
Heap after GC invocations=16 (full 3):
 PSYoungGen      total 148480K, used 2816K [0x00000000f5580000, 0x0000000100000000, 0x0000000100000000)
  eden space 122368K, 0% used [0x00000000f5580000,0x00000000f5580000,0x00000000fcd00000)
  from space 26112K, 10% used [0x00000000fcd00000,0x00000000fcfc0000,0x00000000fe680000)
  to   space 26112K, 0% used [0x00000000fe680000,0x00000000fe680000,0x0000000100000000)
 ParOldGen       total 130560K, used 62114K [0x00000000e0000000, 0x00000000e7f80000, 0x00000000f5580000)
  object space 130560K, 47% used [0x00000000e0000000,0x00000000e3ca8928,0x00000000e7f80000)
 Metaspace       used 68347K, capacity 71122K, committed 71384K, reserved 1110016K
  class space    used 9312K, capacity 9934K, committed 9984K, reserved 1048576K
}
Event: 83.904 GC heap before
{Heap before GC invocations=17 (full 3):
 PSYoungGen      total 148480K, used 125184K [0x00000000f5580000, 0x0000000100000000, 0x0000000100000000)
  eden space 122368K, 100% used [0x00000000f5580000,0x00000000fcd00000,0x00000000fcd00000)
  from space 26112K, 10% used [0x00000000fcd00000,0x00000000fcfc0000,0x00000000fe680000)
  to   space 26112K, 0% used [0x00000000fe680000,0x00000000fe680000,0x0000000100000000)
 ParOldGen       total 130560K, used 62114K [0x00000000e0000000, 0x00000000e7f80000, 0x00000000f5580000)
  object space 130560K, 47% used [0x00000000e0000000,0x00000000e3ca8928,0x00000000e7f80000)
 Metaspace       used 68552K, capacity 71280K, committed 71384K, reserved 1110016K
  class space    used 9327K, capacity 9939K, committed 9984K, reserved 1048576K
Event: 83.957 GC heap after
Heap after GC invocations=17 (full 3):
 PSYoungGen      total 148480K, used 3296K [0x00000000f5580000, 0x0000000100000000, 0x0000000100000000)
  eden space 122368K, 0% used [0x00000000f5580000,0x00000000f5580000,0x00000000fcd00000)
  from space 26112K, 12% used [0x00000000fe680000,0x00000000fe9b8028,0x0000000100000000)
  to   space 26112K, 0% used [0x00000000fcd00000,0x00000000fcd00000,0x00000000fe680000)
 ParOldGen       total 130560K, used 62122K [0x00000000e0000000, 0x00000000e7f80000, 0x00000000f5580000)
  object space 130560K, 47% used [0x00000000e0000000,0x00000000e3caa928,0x00000000e7f80000)
 Metaspace       used 68552K, capacity 71280K, committed 71384K, reserved 1110016K
  class space    used 9327K, capacity 9939K, committed 9984K, reserved 1048576K
}

