# JRE version: OpenJDK Runtime Environment (8.0_212-b04) (build 1.8.0_212-release-1586-b04)
# Java VM: OpenJDK 64-Bit Server VM (25.212-b04 mixed mode windows-amd64 compressed oops)
Heap:
 PSYoungGen      total 116224K, used 85856K [0x00000000f5580000, 0x00000000fd280000, 0x0000000100000000)
  eden space 105984K, 81% used [0x00000000f5580000,0x00000000fa958148,0x00000000fbd00000)
  from space 10240K, 0% used [0x00000000fc780000,0x00000000fc780000,0x00000000fd180000)
  to   space 10752K, 0% used [0x00000000fbd00000,0x00000000fbd00000,0x00000000fc780000)
 ParOldGen       total 57344K, used 17961K [0x00000000e0000000, 0x00000000e3800000, 0x00000000f5580000)
  object space 57344K, 31% used [0x00000000e0000000,0x00000000e118a4e0,0x00000000e3800000)
 Metaspace       used 44434K, capacity 45666K, committed 45952K, reserved 1089536K
  class space    used 5865K, capacity 6203K, committed 6272K, reserved 1048576K
GC Heap History (10 events):
Event: 19.009 GC heap before
{Heap before GC invocations=6 (full 0):
 PSYoungGen      total 57344K, used 38480K [0x00000000f5580000, 0x00000000fd180000, 0x0000000100000000)
  eden space 53248K, 64% used [0x00000000f5580000,0x00000000f7716098,0x00000000f8980000)
  from space 4096K, 99% used [0x00000000f8980000,0x00000000f8d7e030,0x00000000f8d80000)
  to   space 10240K, 0% used [0x00000000fc780000,0x00000000fc780000,0x00000000fd180000)
 ParOldGen       total 69632K, used 8958K [0x00000000e0000000, 0x00000000e4400000, 0x00000000f5580000)
  object space 69632K, 12% used [0x00000000e0000000,0x00000000e08bf870,0x00000000e4400000)
 Metaspace       used 20644K, capacity 21206K, committed 21296K, reserved 1067008K
  class space    used 2963K, capacity 3165K, committed 3200K, reserved 1048576K
Event: 19.076 GC heap after
Heap after GC invocations=6 (full 0):
 PSYoungGen      total 116224K, used 8165K [0x00000000f5580000, 0x00000000fd280000, 0x0000000100000000)
  eden space 105984K, 0% used [0x00000000f5580000,0x00000000f5580000,0x00000000fbd00000)
  from space 10240K, 79% used [0x00000000fc780000,0x00000000fcf79418,0x00000000fd180000)
  to   space 10752K, 0% used [0x00000000fbd00000,0x00000000fbd00000,0x00000000fc780000)
 ParOldGen       total 69632K, used 8958K [0x00000000e0000000, 0x00000000e4400000, 0x00000000f5580000)
  object space 69632K, 12% used [0x00000000e0000000,0x00000000e08bf870,0x00000000e4400000)
 Metaspace       used 20644K, capacity 21206K, committed 21296K, reserved 1067008K
  class space    used 2963K, capacity 3165K, committed 3200K, reserved 1048576K
}
Event: 19.076 GC heap before
{Heap before GC invocations=7 (full 1):
 PSYoungGen      total 116224K, used 8165K [0x00000000f5580000, 0x00000000fd280000, 0x0000000100000000)
  eden space 105984K, 0% used [0x00000000f5580000,0x00000000f5580000,0x00000000fbd00000)
  from space 10240K, 79% used [0x00000000fc780000,0x00000000fcf79418,0x00000000fd180000)
  to   space 10752K, 0% used [0x00000000fbd00000,0x00000000fbd00000,0x00000000fc780000)
 ParOldGen       total 69632K, used 8958K [0x00000000e0000000, 0x00000000e4400000, 0x00000000f5580000)
  object space 69632K, 12% used [0x00000000e0000000,0x00000000e08bf870,0x00000000e4400000)
 Metaspace       used 20644K, capacity 21206K, committed 21296K, reserved 1067008K
  class space    used 2963K, capacity 3165K, committed 3200K, reserved 1048576K
Event: 19.403 GC heap after
Heap after GC invocations=7 (full 1):
 PSYoungGen      total 116224K, used 0K [0x00000000f5580000, 0x00000000fd280000, 0x0000000100000000)
  eden space 105984K, 0% used [0x00000000f5580000,0x00000000f5580000,0x00000000fbd00000)
  from space 10240K, 0% used [0x00000000fc780000,0x00000000fc780000,0x00000000fd180000)
  to   space 10752K, 0% used [0x00000000fbd00000,0x00000000fbd00000,0x00000000fc780000)
 ParOldGen       total 57344K, used 14070K [0x00000000e0000000, 0x00000000e3800000, 0x00000000f5580000)
  object space 57344K, 24% used [0x00000000e0000000,0x00000000e0dbd900,0x00000000e3800000)
 Metaspace       used 20644K, capacity 21206K, committed 21296K, reserved 1067008K
  class space    used 2963K, capacity 3165K, committed 3200K, reserved 1048576K
}
Event: 25.081 GC heap before
{Heap before GC invocations=8 (full 1):
 PSYoungGen      total 116224K, used 105984K [0x00000000f5580000, 0x00000000fd280000, 0x0000000100000000)
  eden space 105984K, 100% used [0x00000000f5580000,0x00000000fbd00000,0x00000000fbd00000)
  from space 10240K, 0% used [0x00000000fc780000,0x00000000fc780000,0x00000000fd180000)
  to   space 10752K, 0% used [0x00000000fbd00000,0x00000000fbd00000,0x00000000fc780000)
 ParOldGen       total 57344K, used 14070K [0x00000000e0000000, 0x00000000e3800000, 0x00000000f5580000)
  object space 57344K, 24% used [0x00000000e0000000,0x00000000e0dbd900,0x00000000e3800000)
 Metaspace       used 30576K, capacity 31280K, committed 31616K, reserved 1077248K
  class space    used 4144K, capacity 4403K, committed 4480K, reserved 1048576K
Event: 25.178 GC heap after
Heap after GC invocations=8 (full 1):
 PSYoungGen      total 116736K, used 10730K [0x00000000f5580000, 0x00000000fd280000, 0x0000000100000000)
  eden space 105984K, 0% used [0x00000000f5580000,0x00000000f5580000,0x00000000fbd00000)
  from space 10752K, 99% used [0x00000000fbd00000,0x00000000fc77ab18,0x00000000fc780000)
  to   space 10240K, 0% used [0x00000000fc780000,0x00000000fc780000,0x00000000fd180000)
 ParOldGen       total 57344K, used 14413K [0x00000000e0000000, 0x00000000e3800000, 0x00000000f5580000)
  object space 57344K, 25% used [0x00000000e0000000,0x00000000e0e134c0,0x00000000e3800000)
 Metaspace       used 30576K, capacity 31280K, committed 31616K, reserved 1077248K
  class space    used 4144K, capacity 4403K, committed 4480K, reserved 1048576K
}
Event: 31.254 GC heap before
{Heap before GC invocations=9 (full 1):
 PSYoungGen      total 116736K, used 93303K [0x00000000f5580000, 0x00000000fd280000, 0x0000000100000000)
  eden space 105984K, 77% used [0x00000000f5580000,0x00000000fa623438,0x00000000fbd00000)
  from space 10752K, 99% used [0x00000000fbd00000,0x00000000fc77ab18,0x00000000fc780000)
  to   space 10240K, 0% used [0x00000000fc780000,0x00000000fc780000,0x00000000fd180000)
 ParOldGen       total 57344K, used 14413K [0x00000000e0000000, 0x00000000e3800000, 0x00000000f5580000)
  object space 57344K, 25% used [0x00000000e0000000,0x00000000e0e134c0,0x00000000e3800000)
 Metaspace       used 34570K, capacity 35432K, committed 35456K, reserved 1079296K
  class space    used 4723K, capacity 4985K, committed 4992K, reserved 1048576K
Event: 31.381 GC heap after
Heap after GC invocations=9 (full 1):
 PSYoungGen      total 116224K, used 10229K [0x00000000f5580000, 0x00000000fd280000, 0x0000000100000000)
  eden space 105984K, 0% used [0x00000000f5580000,0x00000000f5580000,0x00000000fbd00000)
  from space 10240K, 99% used [0x00000000fc780000,0x00000000fd17d790,0x00000000fd180000)
  to   space 10752K, 0% used [0x00000000fbd00000,0x00000000fbd00000,0x00000000fc780000)
 ParOldGen       total 57344K, used 15218K [0x00000000e0000000, 0x00000000e3800000, 0x00000000f5580000)
  object space 57344K, 26% used [0x00000000e0000000,0x00000000e0edc978,0x00000000e3800000)
 Metaspace       used 34570K, capacity 35432K, committed 35456K, reserved 1079296K
  class space    used 4723K, capacity 4985K, committed 4992K, reserved 1048576K
}
Event: 31.381 GC heap before
{Heap before GC invocations=10 (full 2):
 PSYoungGen      total 116224K, used 10229K [0x00000000f5580000, 0x00000000fd280000, 0x0000000100000000)
  eden space 105984K, 0% used [0x00000000f5580000,0x00000000f5580000,0x00000000fbd00000)
  from space 10240K, 99% used [0x00000000fc780000,0x00000000fd17d790,0x00000000fd180000)
  to   space 10752K, 0% used [0x00000000fbd00000,0x00000000fbd00000,0x00000000fc780000)
 ParOldGen       total 57344K, used 15218K [0x00000000e0000000, 0x00000000e3800000, 0x00000000f5580000)
  object space 57344K, 26% used [0x00000000e0000000,0x00000000e0edc978,0x00000000e3800000)
 Metaspace       used 34570K, capacity 35432K, committed 35456K, reserved 1079296K
  class space    used 4723K, capacity 4985K, committed 4992K, reserved 1048576K
Event: 32.079 GC heap after
Heap after GC invocations=10 (full 2):
 PSYoungGen      total 116224K, used 0K [0x00000000f5580000, 0x00000000fd280000, 0x0000000100000000)
  eden space 105984K, 0% used [0x00000000f5580000,0x00000000f5580000,0x00000000fbd00000)
  from space 10240K, 0% used [0x00000000fc780000,0x00000000fc780000,0x00000000fd180000)
  to   space 10752K, 0% used [0x00000000fbd00000,0x00000000fbd00000,0x00000000fc780000)
 ParOldGen       total 57344K, used 17961K [0x00000000e0000000, 0x00000000e3800000, 0x00000000f5580000)
  object space 57344K, 31% used [0x00000000e0000000,0x00000000e118a4e0,0x00000000e3800000)
 Metaspace       used 34570K, capacity 35432K, committed 35456K, reserved 1079296K
  class space    used 4723K, capacity 4985K, committed 4992K, reserved 1048576K
}

