# JRE version: OpenJDK Runtime Environment (8.0_212-b04) (build 1.8.0_212-release-1586-b04)
# Java VM: OpenJDK 64-Bit Server VM (25.212-b04 mixed mode windows-amd64 compressed oops)
Heap:
 PSYoungGen      total 148992K, used 25926K [0x00000000f5580000, 0x0000000100000000, 0x0000000100000000)
  eden space 130560K, 10% used [0x00000000f5580000,0x00000000f634bea0,0x00000000fd500000)
  from space 18432K, 64% used [0x00000000fee00000,0x00000000ff985d38,0x0000000100000000)
  to   space 22016K, 0% used [0x00000000fd500000,0x00000000fd500000,0x00000000fea80000)
 ParOldGen       total 142848K, used 36029K [0x00000000e0000000, 0x00000000e8b80000, 0x00000000f5580000)
  object space 142848K, 25% used [0x00000000e0000000,0x00000000e232f740,0x00000000e8b80000)
 Metaspace       used 61015K, capacity 63474K, committed 63704K, reserved 1103872K
  class space    used 8356K, capacity 8920K, committed 8960K, reserved 1048576K
GC Heap History (10 events):
Event: 30.798 GC heap before
{Heap before GC invocations=9 (full 2):
 PSYoungGen      total 159232K, used 11948K [0x00000000f5580000, 0x0000000100000000, 0x0000000100000000)
  eden space 146944K, 0% used [0x00000000f5580000,0x00000000f5580000,0x00000000fe500000)
  from space 12288K, 97% used [0x00000000fe500000,0x00000000ff0ab2c8,0x00000000ff100000)
  to   space 15360K, 0% used [0x00000000ff100000,0x00000000ff100000,0x0000000100000000)
 ParOldGen       total 62976K, used 14539K [0x00000000e0000000, 0x00000000e3d80000, 0x00000000f5580000)
  object space 62976K, 23% used [0x00000000e0000000,0x00000000e0e32fb0,0x00000000e3d80000)
 Metaspace       used 34643K, capacity 35452K, committed 35456K, reserved 1079296K
  class space    used 4734K, capacity 4989K, committed 4992K, reserved 1048576K
Event: 31.776 GC heap after
Heap after GC invocations=9 (full 2):
 PSYoungGen      total 159232K, used 0K [0x00000000f5580000, 0x0000000100000000, 0x0000000100000000)
  eden space 146944K, 0% used [0x00000000f5580000,0x00000000f5580000,0x00000000fe500000)
  from space 12288K, 0% used [0x00000000fe500000,0x00000000fe500000,0x00000000ff100000)
  to   space 15360K, 0% used [0x00000000ff100000,0x00000000ff100000,0x0000000100000000)
 ParOldGen       total 96768K, used 18957K [0x00000000e0000000, 0x00000000e5e80000, 0x00000000f5580000)
  object space 96768K, 19% used [0x00000000e0000000,0x00000000e1283428,0x00000000e5e80000)
 Metaspace       used 34643K, capacity 35452K, committed 35456K, reserved 1079296K
  class space    used 4734K, capacity 4989K, committed 4992K, reserved 1048576K
}
Event: 41.436 GC heap before
{Heap before GC invocations=10 (full 2):
 PSYoungGen      total 159232K, used 146944K [0x00000000f5580000, 0x0000000100000000, 0x0000000100000000)
  eden space 146944K, 100% used [0x00000000f5580000,0x00000000fe500000,0x00000000fe500000)
  from space 12288K, 0% used [0x00000000fe500000,0x00000000fe500000,0x00000000ff100000)
  to   space 15360K, 0% used [0x00000000ff100000,0x00000000ff100000,0x0000000100000000)
 ParOldGen       total 96768K, used 18957K [0x00000000e0000000, 0x00000000e5e80000, 0x00000000f5580000)
  object space 96768K, 19% used [0x00000000e0000000,0x00000000e1283428,0x00000000e5e80000)
 Metaspace       used 48128K, capacity 49438K, committed 49536K, reserved 1091584K
  class space    used 6410K, capacity 6770K, committed 6784K, reserved 1048576K
Event: 41.587 GC heap after
Heap after GC invocations=10 (full 2):
 PSYoungGen      total 153088K, used 15358K [0x00000000f5580000, 0x0000000100000000, 0x0000000100000000)
  eden space 137728K, 0% used [0x00000000f5580000,0x00000000f5580000,0x00000000fdc00000)
  from space 15360K, 99% used [0x00000000ff100000,0x00000000fffff858,0x0000000100000000)
  to   space 18432K, 0% used [0x00000000fdc00000,0x00000000fdc00000,0x00000000fee00000)
 ParOldGen       total 96768K, used 21561K [0x00000000e0000000, 0x00000000e5e80000, 0x00000000f5580000)
  object space 96768K, 22% used [0x00000000e0000000,0x00000000e150e5e8,0x00000000e5e80000)
 Metaspace       used 48128K, capacity 49438K, committed 49536K, reserved 1091584K
  class space    used 6410K, capacity 6770K, committed 6784K, reserved 1048576K
}
Event: 50.305 GC heap before
{Heap before GC invocations=11 (full 2):
 PSYoungGen      total 153088K, used 124452K [0x00000000f5580000, 0x0000000100000000, 0x0000000100000000)
  eden space 137728K, 79% used [0x00000000f5580000,0x00000000fc009a40,0x00000000fdc00000)
  from space 15360K, 99% used [0x00000000ff100000,0x00000000fffff858,0x0000000100000000)
  to   space 18432K, 0% used [0x00000000fdc00000,0x00000000fdc00000,0x00000000fee00000)
 ParOldGen       total 96768K, used 21561K [0x00000000e0000000, 0x00000000e5e80000, 0x00000000f5580000)
  object space 96768K, 22% used [0x00000000e0000000,0x00000000e150e5e8,0x00000000e5e80000)
 Metaspace       used 57032K, capacity 59008K, committed 59096K, reserved 1099776K
  class space    used 7870K, capacity 8361K, committed 8448K, reserved 1048576K
Event: 50.729 GC heap after
Heap after GC invocations=11 (full 2):
 PSYoungGen      total 156160K, used 18408K [0x00000000f5580000, 0x0000000100000000, 0x0000000100000000)
  eden space 137728K, 0% used [0x00000000f5580000,0x00000000f5580000,0x00000000fdc00000)
  from space 18432K, 99% used [0x00000000fdc00000,0x00000000fedfa3e0,0x00000000fee00000)
  to   space 18432K, 0% used [0x00000000fee00000,0x00000000fee00000,0x0000000100000000)
 ParOldGen       total 96768K, used 24565K [0x00000000e0000000, 0x00000000e5e80000, 0x00000000f5580000)
  object space 96768K, 25% used [0x00000000e0000000,0x00000000e17fd660,0x00000000e5e80000)
 Metaspace       used 57032K, capacity 59008K, committed 59096K, reserved 1099776K
  class space    used 7870K, capacity 8361K, committed 8448K, reserved 1048576K
}
Event: 50.729 GC heap before
{Heap before GC invocations=12 (full 3):
 PSYoungGen      total 156160K, used 18408K [0x00000000f5580000, 0x0000000100000000, 0x0000000100000000)
  eden space 137728K, 0% used [0x00000000f5580000,0x00000000f5580000,0x00000000fdc00000)
  from space 18432K, 99% used [0x00000000fdc00000,0x00000000fedfa3e0,0x00000000fee00000)
  to   space 18432K, 0% used [0x00000000fee00000,0x00000000fee00000,0x0000000100000000)
 ParOldGen       total 96768K, used 24565K [0x00000000e0000000, 0x00000000e5e80000, 0x00000000f5580000)
  object space 96768K, 25% used [0x00000000e0000000,0x00000000e17fd660,0x00000000e5e80000)
 Metaspace       used 57032K, capacity 59008K, committed 59096K, reserved 1099776K
  class space    used 7870K, capacity 8361K, committed 8448K, reserved 1048576K
Event: 52.055 GC heap after
Heap after GC invocations=12 (full 3):
 PSYoungGen      total 156160K, used 0K [0x00000000f5580000, 0x0000000100000000, 0x0000000100000000)
  eden space 137728K, 0% used [0x00000000f5580000,0x00000000f5580000,0x00000000fdc00000)
  from space 18432K, 0% used [0x00000000fdc00000,0x00000000fdc00000,0x00000000fee00000)
  to   space 18432K, 0% used [0x00000000fee00000,0x00000000fee00000,0x0000000100000000)
 ParOldGen       total 142848K, used 36021K [0x00000000e0000000, 0x00000000e8b80000, 0x00000000f5580000)
  object space 142848K, 25% used [0x00000000e0000000,0x00000000e232d740,0x00000000e8b80000)
 Metaspace       used 57032K, capacity 59008K, committed 59096K, reserved 1099776K
  class space    used 7870K, capacity 8361K, committed 8448K, reserved 1048576K
}
Event: 66.873 GC heap before
{Heap before GC invocations=13 (full 3):
 PSYoungGen      total 156160K, used 137728K [0x00000000f5580000, 0x0000000100000000, 0x0000000100000000)
  eden space 137728K, 100% used [0x00000000f5580000,0x00000000fdc00000,0x00000000fdc00000)
  from space 18432K, 0% used [0x00000000fdc00000,0x00000000fdc00000,0x00000000fee00000)
  to   space 18432K, 0% used [0x00000000fee00000,0x00000000fee00000,0x0000000100000000)
 ParOldGen       total 142848K, used 36021K [0x00000000e0000000, 0x00000000e8b80000, 0x00000000f5580000)
  object space 142848K, 25% used [0x00000000e0000000,0x00000000e232d740,0x00000000e8b80000)
 Metaspace       used 60522K, capacity 62870K, committed 63064K, reserved 1103872K
  class space    used 8276K, capacity 8812K, committed 8832K, reserved 1048576K
Event: 66.975 GC heap after
Heap after GC invocations=13 (full 3):
 PSYoungGen      total 148992K, used 11799K [0x00000000f5580000, 0x0000000100000000, 0x0000000100000000)
  eden space 130560K, 0% used [0x00000000f5580000,0x00000000f5580000,0x00000000fd500000)
  from space 18432K, 64% used [0x00000000fee00000,0x00000000ff985d38,0x0000000100000000)
  to   space 22016K, 0% used [0x00000000fd500000,0x00000000fd500000,0x00000000fea80000)
 ParOldGen       total 142848K, used 36029K [0x00000000e0000000, 0x00000000e8b80000, 0x00000000f5580000)
  object space 142848K, 25% used [0x00000000e0000000,0x00000000e232f740,0x00000000e8b80000)
 Metaspace       used 60522K, capacity 62870K, committed 63064K, reserved 1103872K
  class space    used 8276K, capacity 8812K, committed 8832K, reserved 1048576K
}

