# JRE version: OpenJDK Runtime Environment (8.0_212-b04) (build 1.8.0_212-release-1586-b04)
# Java VM: OpenJDK 64-Bit Server VM (25.212-b04 mixed mode windows-amd64 compressed oops)
Heap:
 PSYoungGen      total 153088K, used 5237K [0x00000000f5580000, 0x0000000100000000, 0x0000000100000000)
  eden space 132608K, 0% used [0x00000000f5580000,0x00000000f5580000,0x00000000fd700000)
  from space 20480K, 25% used [0x00000000fec00000,0x00000000ff11d538,0x0000000100000000)
  to   space 20992K, 0% used [0x00000000fd700000,0x00000000fd700000,0x00000000feb80000)
 ParOldGen       total 156160K, used 53499K [0x00000000e0000000, 0x00000000e9880000, 0x00000000f5580000)
  object space 156160K, 34% used [0x00000000e0000000,0x00000000e343edc0,0x00000000e9880000)
 Metaspace       used 102276K, capacity 106478K, committed 106624K, reserved 1146880K
  class space    used 12919K, capacity 13819K, committed 13952K, reserved 1048576K
GC Heap History (10 events):
Event: 834.742 GC heap after
Heap after GC invocations=30 (full 3):
 PSYoungGen      total 150528K, used 12302K [0x00000000f5580000, 0x0000000100000000, 0x0000000100000000)
  eden space 129536K, 0% used [0x00000000f5580000,0x00000000f5580000,0x00000000fd400000)
  from space 20992K, 58% used [0x00000000fd400000,0x00000000fe003bb8,0x00000000fe880000)
  to   space 20480K, 0% used [0x00000000fec00000,0x00000000fec00000,0x0000000100000000)
 ParOldGen       total 116736K, used 61374K [0x00000000e0000000, 0x00000000e7200000, 0x00000000f5580000)
  object space 116736K, 52% used [0x00000000e0000000,0x00000000e3befab8,0x00000000e7200000)
 Metaspace       used 94748K, capacity 98468K, committed 98600K, reserved 1134592K
  class space    used 11987K, capacity 12838K, committed 12928K, reserved 1048576K
}
Event: 834.742 GC heap before
{Heap before GC invocations=31 (full 4):
 PSYoungGen      total 150528K, used 12302K [0x00000000f5580000, 0x0000000100000000, 0x0000000100000000)
  eden space 129536K, 0% used [0x00000000f5580000,0x00000000f5580000,0x00000000fd400000)
  from space 20992K, 58% used [0x00000000fd400000,0x00000000fe003bb8,0x00000000fe880000)
  to   space 20480K, 0% used [0x00000000fec00000,0x00000000fec00000,0x0000000100000000)
 ParOldGen       total 116736K, used 61374K [0x00000000e0000000, 0x00000000e7200000, 0x00000000f5580000)
  object space 116736K, 52% used [0x00000000e0000000,0x00000000e3befab8,0x00000000e7200000)
 Metaspace       used 94748K, capacity 98468K, committed 98600K, reserved 1134592K
  class space    used 11987K, capacity 12838K, committed 12928K, reserved 1048576K
Event: 836.434 GC heap after
Heap after GC invocations=31 (full 4):
 PSYoungGen      total 150528K, used 0K [0x00000000f5580000, 0x0000000100000000, 0x0000000100000000)
  eden space 129536K, 0% used [0x00000000f5580000,0x00000000f5580000,0x00000000fd400000)
  from space 20992K, 0% used [0x00000000fd400000,0x00000000fd400000,0x00000000fe880000)
  to   space 20480K, 0% used [0x00000000fec00000,0x00000000fec00000,0x0000000100000000)
 ParOldGen       total 156160K, used 53483K [0x00000000e0000000, 0x00000000e9880000, 0x00000000f5580000)
  object space 156160K, 34% used [0x00000000e0000000,0x00000000e343adc0,0x00000000e9880000)
 Metaspace       used 94500K, capacity 98036K, committed 98600K, reserved 1134592K
  class space    used 11929K, capacity 12734K, committed 12928K, reserved 1048576K
}
Event: 846.996 GC heap before
{Heap before GC invocations=32 (full 4):
 PSYoungGen      total 150528K, used 129536K [0x00000000f5580000, 0x0000000100000000, 0x0000000100000000)
  eden space 129536K, 100% used [0x00000000f5580000,0x00000000fd400000,0x00000000fd400000)
  from space 20992K, 0% used [0x00000000fd400000,0x00000000fd400000,0x00000000fe880000)
  to   space 20480K, 0% used [0x00000000fec00000,0x00000000fec00000,0x0000000100000000)
 ParOldGen       total 156160K, used 53483K [0x00000000e0000000, 0x00000000e9880000, 0x00000000f5580000)
  object space 156160K, 34% used [0x00000000e0000000,0x00000000e343adc0,0x00000000e9880000)
 Metaspace       used 101755K, capacity 105984K, committed 106240K, reserved 1142784K
  class space    used 12868K, capacity 13776K, committed 13824K, reserved 1048576K
Event: 847.330 GC heap after
Heap after GC invocations=32 (full 4):
 PSYoungGen      total 153088K, used 7048K [0x00000000f5580000, 0x00000000fff80000, 0x0000000100000000)
  eden space 133120K, 0% used [0x00000000f5580000,0x00000000f5580000,0x00000000fd780000)
  from space 19968K, 35% used [0x00000000fec00000,0x00000000ff2e22e8,0x00000000fff80000)
  to   space 20480K, 0% used [0x00000000fd780000,0x00000000fd780000,0x00000000feb80000)
 ParOldGen       total 156160K, used 53491K [0x00000000e0000000, 0x00000000e9880000, 0x00000000f5580000)
  object space 156160K, 34% used [0x00000000e0000000,0x00000000e343cdc0,0x00000000e9880000)
 Metaspace       used 101755K, capacity 105984K, committed 106240K, reserved 1142784K
  class space    used 12868K, capacity 13776K, committed 13824K, reserved 1048576K
}
Event: 851.644 GC heap before
{Heap before GC invocations=33 (full 4):
 PSYoungGen      total 153088K, used 140168K [0x00000000f5580000, 0x00000000fff80000, 0x0000000100000000)
  eden space 133120K, 100% used [0x00000000f5580000,0x00000000fd780000,0x00000000fd780000)
  from space 19968K, 35% used [0x00000000fec00000,0x00000000ff2e22e8,0x00000000fff80000)
  to   space 20480K, 0% used [0x00000000fd780000,0x00000000fd780000,0x00000000feb80000)
 ParOldGen       total 156160K, used 53491K [0x00000000e0000000, 0x00000000e9880000, 0x00000000f5580000)
  object space 156160K, 34% used [0x00000000e0000000,0x00000000e343cdc0,0x00000000e9880000)
 Metaspace       used 102218K, capacity 106446K, committed 106496K, reserved 1142784K
  class space    used 12906K, capacity 13787K, committed 13824K, reserved 1048576K
Event: 851.706 GC heap after
Heap after GC invocations=33 (full 4):
 PSYoungGen      total 153600K, used 4645K [0x00000000f5580000, 0x0000000100000000, 0x0000000100000000)
  eden space 133120K, 0% used [0x00000000f5580000,0x00000000f5580000,0x00000000fd780000)
  from space 20480K, 22% used [0x00000000fd780000,0x00000000fdc09590,0x00000000feb80000)
  to   space 20480K, 0% used [0x00000000fec00000,0x00000000fec00000,0x0000000100000000)
 ParOldGen       total 156160K, used 53499K [0x00000000e0000000, 0x00000000e9880000, 0x00000000f5580000)
  object space 156160K, 34% used [0x00000000e0000000,0x00000000e343edc0,0x00000000e9880000)
 Metaspace       used 102218K, capacity 106446K, committed 106496K, reserved 1142784K
  class space    used 12906K, capacity 13787K, committed 13824K, reserved 1048576K
}
Event: 852.408 GC heap before
{Heap before GC invocations=34 (full 4):
 PSYoungGen      total 153600K, used 19487K [0x00000000f5580000, 0x0000000100000000, 0x0000000100000000)
  eden space 133120K, 11% used [0x00000000f5580000,0x00000000f63fe978,0x00000000fd780000)
  from space 20480K, 22% used [0x00000000fd780000,0x00000000fdc09590,0x00000000feb80000)
  to   space 20480K, 0% used [0x00000000fec00000,0x00000000fec00000,0x0000000100000000)
 ParOldGen       total 156160K, used 53499K [0x00000000e0000000, 0x00000000e9880000, 0x00000000f5580000)
  object space 156160K, 34% used [0x00000000e0000000,0x00000000e343edc0,0x00000000e9880000)
 Metaspace       used 102276K, capacity 106478K, committed 106624K, reserved 1146880K
  class space    used 12919K, capacity 13819K, committed 13952K, reserved 1048576K
Event: 852.489 GC heap after
Heap after GC invocations=34 (full 4):
 PSYoungGen      total 153088K, used 5237K [0x00000000f5580000, 0x0000000100000000, 0x0000000100000000)
  eden space 132608K, 0% used [0x00000000f5580000,0x00000000f5580000,0x00000000fd700000)
  from space 20480K, 25% used [0x00000000fec00000,0x00000000ff11d538,0x0000000100000000)
  to   space 20992K, 0% used [0x00000000fd700000,0x00000000fd700000,0x00000000feb80000)
 ParOldGen       total 156160K, used 53499K [0x00000000e0000000, 0x00000000e9880000, 0x00000000f5580000)
  object space 156160K, 34% used [0x00000000e0000000,0x00000000e343edc0,0x00000000e9880000)
 Metaspace       used 102276K, capacity 106478K, committed 106624K, reserved 1146880K
  class space    used 12919K, capacity 13819K, committed 13952K, reserved 1048576K
}
Event: 852.489 GC heap before
{Heap before GC invocations=35 (full 5):
 PSYoungGen      total 153088K, used 5237K [0x00000000f5580000, 0x0000000100000000, 0x0000000100000000)
  eden space 132608K, 0% used [0x00000000f5580000,0x00000000f5580000,0x00000000fd700000)
  from space 20480K, 25% used [0x00000000fec00000,0x00000000ff11d538,0x0000000100000000)
  to   space 20992K, 0% used [0x00000000fd700000,0x00000000fd700000,0x00000000feb80000)
 ParOldGen       total 156160K, used 53499K [0x00000000e0000000, 0x00000000e9880000, 0x00000000f5580000)
  object space 156160K, 34% used [0x00000000e0000000,0x00000000e343edc0,0x00000000e9880000)
 Metaspace       used 102276K, capacity 106478K, committed 106624K, reserved 1146880K
  class space    used 12919K, capacity 13819K, committed 13952K, reserved 1048576K

