# JRE version: OpenJDK Runtime Environment (8.0_212-b04) (build 1.8.0_212-release-1586-b04)
# Java VM: OpenJDK 64-Bit Server VM (25.212-b04 mixed mode windows-amd64 compressed oops)
Heap:
 PSYoungGen      total 152576K, used 141455K [0x00000000f5580000, 0x0000000100000000, 0x0000000100000000)
  eden space 130560K, 100% used [0x00000000f5580000,0x00000000fd500000,0x00000000fd500000)
  from space 22016K, 49% used [0x00000000fd500000,0x00000000fdfa3df0,0x00000000fea80000)
  to   space 20992K, 23% used [0x00000000feb80000,0x00000000ff040000,0x0000000100000000)
 ParOldGen       total 113664K, used 36230K [0x00000000e0000000, 0x00000000e6f00000, 0x00000000f5580000)
  object space 113664K, 31% used [0x00000000e0000000,0x00000000e2361958,0x00000000e6f00000)
 Metaspace       used 67146K, capacity 69917K, committed 70104K, reserved 1110016K
  class space    used 9254K, capacity 9876K, committed 9984K, reserved 1048576K
GC Heap History (10 events):
Event: 38.937 GC heap after
Heap after GC invocations=10 (full 2):
 PSYoungGen      total 159744K, used 0K [0x00000000f5580000, 0x0000000100000000, 0x0000000100000000)
  eden space 146944K, 0% used [0x00000000f5580000,0x00000000f5580000,0x00000000fe500000)
  from space 12800K, 0% used [0x00000000ff380000,0x00000000ff380000,0x0000000100000000)
  to   space 13824K, 0% used [0x00000000fe500000,0x00000000fe500000,0x00000000ff280000)
 ParOldGen       total 74240K, used 18063K [0x00000000e0000000, 0x00000000e4880000, 0x00000000f5580000)
  object space 74240K, 24% used [0x00000000e0000000,0x00000000e11a3d68,0x00000000e4880000)
 Metaspace       used 34544K, capacity 35432K, committed 35456K, reserved 1079296K
  class space    used 4722K, capacity 4985K, committed 4992K, reserved 1048576K
}
Event: 49.451 GC heap before
{Heap before GC invocations=11 (full 2):
 PSYoungGen      total 159744K, used 146944K [0x00000000f5580000, 0x0000000100000000, 0x0000000100000000)
  eden space 146944K, 100% used [0x00000000f5580000,0x00000000fe500000,0x00000000fe500000)
  from space 12800K, 0% used [0x00000000ff380000,0x00000000ff380000,0x0000000100000000)
  to   space 13824K, 0% used [0x00000000fe500000,0x00000000fe500000,0x00000000ff280000)
 ParOldGen       total 74240K, used 18063K [0x00000000e0000000, 0x00000000e4880000, 0x00000000f5580000)
  object space 74240K, 24% used [0x00000000e0000000,0x00000000e11a3d68,0x00000000e4880000)
 Metaspace       used 47843K, capacity 49198K, committed 49536K, reserved 1091584K
  class space    used 6375K, capacity 6736K, committed 6784K, reserved 1048576K
Event: 49.568 GC heap after
Heap after GC invocations=11 (full 2):
 PSYoungGen      total 160768K, used 13816K [0x00000000f5580000, 0x0000000100000000, 0x0000000100000000)
  eden space 146944K, 0% used [0x00000000f5580000,0x00000000f5580000,0x00000000fe500000)
  from space 13824K, 99% used [0x00000000fe500000,0x00000000ff27e388,0x00000000ff280000)
  to   space 13824K, 0% used [0x00000000ff280000,0x00000000ff280000,0x0000000100000000)
 ParOldGen       total 74240K, used 22728K [0x00000000e0000000, 0x00000000e4880000, 0x00000000f5580000)
  object space 74240K, 30% used [0x00000000e0000000,0x00000000e1632208,0x00000000e4880000)
 Metaspace       used 47843K, capacity 49198K, committed 49536K, reserved 1091584K
  class space    used 6375K, capacity 6736K, committed 6784K, reserved 1048576K
}
Event: 57.961 GC heap before
{Heap before GC invocations=12 (full 2):
 PSYoungGen      total 160768K, used 129476K [0x00000000f5580000, 0x0000000100000000, 0x0000000100000000)
  eden space 146944K, 78% used [0x00000000f5580000,0x00000000fc672cd0,0x00000000fe500000)
  from space 13824K, 99% used [0x00000000fe500000,0x00000000ff27e388,0x00000000ff280000)
  to   space 13824K, 0% used [0x00000000ff280000,0x00000000ff280000,0x0000000100000000)
 ParOldGen       total 74240K, used 22728K [0x00000000e0000000, 0x00000000e4880000, 0x00000000f5580000)
  object space 74240K, 30% used [0x00000000e0000000,0x00000000e1632208,0x00000000e4880000)
 Metaspace       used 57044K, capacity 59011K, committed 59096K, reserved 1099776K
  class space    used 7870K, capacity 8363K, committed 8448K, reserved 1048576K
Event: 58.265 GC heap after
Heap after GC invocations=12 (full 2):
 PSYoungGen      total 144384K, used 13821K [0x00000000f5580000, 0x0000000100000000, 0x0000000100000000)
  eden space 130560K, 0% used [0x00000000f5580000,0x00000000f5580000,0x00000000fd500000)
  from space 13824K, 99% used [0x00000000ff280000,0x00000000fffff7b0,0x0000000100000000)
  to   space 22016K, 0% used [0x00000000fd500000,0x00000000fd500000,0x00000000fea80000)
 ParOldGen       total 74240K, used 31346K [0x00000000e0000000, 0x00000000e4880000, 0x00000000f5580000)
  object space 74240K, 42% used [0x00000000e0000000,0x00000000e1e9cb48,0x00000000e4880000)
 Metaspace       used 57044K, capacity 59011K, committed 59096K, reserved 1099776K
  class space    used 7870K, capacity 8363K, committed 8448K, reserved 1048576K
}
Event: 58.265 GC heap before
{Heap before GC invocations=13 (full 3):
 PSYoungGen      total 144384K, used 13821K [0x00000000f5580000, 0x0000000100000000, 0x0000000100000000)
  eden space 130560K, 0% used [0x00000000f5580000,0x00000000f5580000,0x00000000fd500000)
  from space 13824K, 99% used [0x00000000ff280000,0x00000000fffff7b0,0x0000000100000000)
  to   space 22016K, 0% used [0x00000000fd500000,0x00000000fd500000,0x00000000fea80000)
 ParOldGen       total 74240K, used 31346K [0x00000000e0000000, 0x00000000e4880000, 0x00000000f5580000)
  object space 74240K, 42% used [0x00000000e0000000,0x00000000e1e9cb48,0x00000000e4880000)
 Metaspace       used 57044K, capacity 59011K, committed 59096K, reserved 1099776K
  class space    used 7870K, capacity 8363K, committed 8448K, reserved 1048576K
Event: 59.595 GC heap after
Heap after GC invocations=13 (full 3):
 PSYoungGen      total 144384K, used 0K [0x00000000f5580000, 0x0000000100000000, 0x0000000100000000)
  eden space 130560K, 0% used [0x00000000f5580000,0x00000000f5580000,0x00000000fd500000)
  from space 13824K, 0% used [0x00000000ff280000,0x00000000ff280000,0x0000000100000000)
  to   space 22016K, 0% used [0x00000000fd500000,0x00000000fd500000,0x00000000fea80000)
 ParOldGen       total 113664K, used 36222K [0x00000000e0000000, 0x00000000e6f00000, 0x00000000f5580000)
  object space 113664K, 31% used [0x00000000e0000000,0x00000000e235f958,0x00000000e6f00000)
 Metaspace       used 57044K, capacity 59011K, committed 59096K, reserved 1099776K
  class space    used 7870K, capacity 8363K, committed 8448K, reserved 1048576K
}
Event: 74.637 GC heap before
{Heap before GC invocations=14 (full 3):
 PSYoungGen      total 144384K, used 130560K [0x00000000f5580000, 0x0000000100000000, 0x0000000100000000)
  eden space 130560K, 100% used [0x00000000f5580000,0x00000000fd500000,0x00000000fd500000)
  from space 13824K, 0% used [0x00000000ff280000,0x00000000ff280000,0x0000000100000000)
  to   space 22016K, 0% used [0x00000000fd500000,0x00000000fd500000,0x00000000fea80000)
 ParOldGen       total 113664K, used 36222K [0x00000000e0000000, 0x00000000e6f00000, 0x00000000f5580000)
  object space 113664K, 31% used [0x00000000e0000000,0x00000000e235f958,0x00000000e6f00000)
 Metaspace       used 60367K, capacity 62749K, committed 62808K, reserved 1103872K
  class space    used 8256K, capacity 8776K, committed 8832K, reserved 1048576K
Event: 74.768 GC heap after
Heap after GC invocations=14 (full 3):
 PSYoungGen      total 152576K, used 10895K [0x00000000f5580000, 0x0000000100000000, 0x0000000100000000)
  eden space 130560K, 0% used [0x00000000f5580000,0x00000000f5580000,0x00000000fd500000)
  from space 22016K, 49% used [0x00000000fd500000,0x00000000fdfa3df0,0x00000000fea80000)
  to   space 20992K, 0% used [0x00000000feb80000,0x00000000feb80000,0x0000000100000000)
 ParOldGen       total 113664K, used 36230K [0x00000000e0000000, 0x00000000e6f00000, 0x00000000f5580000)
  object space 113664K, 31% used [0x00000000e0000000,0x00000000e2361958,0x00000000e6f00000)
 Metaspace       used 60367K, capacity 62749K, committed 62808K, reserved 1103872K
  class space    used 8256K, capacity 8776K, committed 8832K, reserved 1048576K
}
Event: 84.868 GC heap before
{Heap before GC invocations=15 (full 3):
 PSYoungGen      total 152576K, used 141455K [0x00000000f5580000, 0x0000000100000000, 0x0000000100000000)
  eden space 130560K, 100% used [0x00000000f5580000,0x00000000fd500000,0x00000000fd500000)
  from space 22016K, 49% used [0x00000000fd500000,0x00000000fdfa3df0,0x00000000fea80000)
  to   space 20992K, 0% used [0x00000000feb80000,0x00000000feb80000,0x0000000100000000)
 ParOldGen       total 113664K, used 36230K [0x00000000e0000000, 0x00000000e6f00000, 0x00000000f5580000)
  object space 113664K, 31% used [0x00000000e0000000,0x00000000e2361958,0x00000000e6f00000)
 Metaspace       used 67146K, capacity 69917K, committed 70104K, reserved 1110016K
  class space    used 9254K, capacity 9876K, committed 9984K, reserved 1048576K

