# JRE version: OpenJDK Runtime Environment (8.0_212-b04) (build 1.8.0_212-release-1586-b04)
# Java VM: OpenJDK 64-Bit Server VM (25.212-b04 mixed mode windows-amd64 compressed oops)
Heap:
 PSYoungGen      total 152576K, used 51105K [0x00000000f5580000, 0x0000000100000000, 0x0000000100000000)
  eden space 130560K, 39% used [0x00000000f5580000,0x00000000f87684e8,0x00000000fd500000)
  from space 22016K, 0% used [0x00000000fd500000,0x00000000fd500000,0x00000000fea80000)
  to   space 20992K, 0% used [0x00000000feb80000,0x00000000feb80000,0x0000000100000000)
 ParOldGen       total 140800K, used 39231K [0x00000000e0000000, 0x00000000e8980000, 0x00000000f5580000)
  object space 140800K, 27% used [0x00000000e0000000,0x00000000e264fc50,0x00000000e8980000)
 Metaspace       used 63099K, capacity 65568K, committed 65880K, reserved 1105920K
  class space    used 8646K, capacity 9223K, committed 9344K, reserved 1048576K
GC Heap History (10 events):
Event: 51.253 GC heap before
{Heap before GC invocations=11 (full 2):
 PSYoungGen      total 159744K, used 146944K [0x00000000f5580000, 0x0000000100000000, 0x0000000100000000)
  eden space 146944K, 100% used [0x00000000f5580000,0x00000000fe500000,0x00000000fe500000)
  from space 12800K, 0% used [0x00000000ff380000,0x00000000ff380000,0x0000000100000000)
  to   space 13824K, 0% used [0x00000000fe500000,0x00000000fe500000,0x00000000ff280000)
 ParOldGen       total 88576K, used 18134K [0x00000000e0000000, 0x00000000e5680000, 0x00000000f5580000)
  object space 88576K, 20% used [0x00000000e0000000,0x00000000e11b59d0,0x00000000e5680000)
 Metaspace       used 47862K, capacity 49202K, committed 49536K, reserved 1091584K
  class space    used 6375K, capacity 6736K, committed 6784K, reserved 1048576K
Event: 51.595 GC heap after
Heap after GC invocations=11 (full 2):
 PSYoungGen      total 160768K, used 13796K [0x00000000f5580000, 0x0000000100000000, 0x0000000100000000)
  eden space 146944K, 0% used [0x00000000f5580000,0x00000000f5580000,0x00000000fe500000)
  from space 13824K, 99% used [0x00000000fe500000,0x00000000ff279340,0x00000000ff280000)
  to   space 13824K, 0% used [0x00000000ff280000,0x00000000ff280000,0x0000000100000000)
 ParOldGen       total 88576K, used 22685K [0x00000000e0000000, 0x00000000e5680000, 0x00000000f5580000)
  object space 88576K, 25% used [0x00000000e0000000,0x00000000e1627618,0x00000000e5680000)
 Metaspace       used 47862K, capacity 49202K, committed 49536K, reserved 1091584K
  class space    used 6375K, capacity 6736K, committed 6784K, reserved 1048576K
}
Event: 69.769 GC heap before
{Heap before GC invocations=12 (full 2):
 PSYoungGen      total 160768K, used 132149K [0x00000000f5580000, 0x0000000100000000, 0x0000000100000000)
  eden space 146944K, 80% used [0x00000000f5580000,0x00000000fc914410,0x00000000fe500000)
  from space 13824K, 99% used [0x00000000fe500000,0x00000000ff279340,0x00000000ff280000)
  to   space 13824K, 0% used [0x00000000ff280000,0x00000000ff280000,0x0000000100000000)
 ParOldGen       total 88576K, used 22685K [0x00000000e0000000, 0x00000000e5680000, 0x00000000f5580000)
  object space 88576K, 25% used [0x00000000e0000000,0x00000000e1627618,0x00000000e5680000)
 Metaspace       used 57005K, capacity 58920K, committed 59096K, reserved 1099776K
  class space    used 7853K, capacity 8331K, committed 8448K, reserved 1048576K
Event: 70.222 GC heap after
Heap after GC invocations=12 (full 2):
 PSYoungGen      total 144384K, used 13805K [0x00000000f5580000, 0x0000000100000000, 0x0000000100000000)
  eden space 130560K, 0% used [0x00000000f5580000,0x00000000f5580000,0x00000000fd500000)
  from space 13824K, 99% used [0x00000000ff280000,0x00000000ffffb7c0,0x0000000100000000)
  to   space 22016K, 0% used [0x00000000fd500000,0x00000000fd500000,0x00000000fea80000)
 ParOldGen       total 88576K, used 31143K [0x00000000e0000000, 0x00000000e5680000, 0x00000000f5580000)
  object space 88576K, 35% used [0x00000000e0000000,0x00000000e1e69fa0,0x00000000e5680000)
 Metaspace       used 57005K, capacity 58920K, committed 59096K, reserved 1099776K
  class space    used 7853K, capacity 8331K, committed 8448K, reserved 1048576K
}
Event: 70.222 GC heap before
{Heap before GC invocations=13 (full 3):
 PSYoungGen      total 144384K, used 13805K [0x00000000f5580000, 0x0000000100000000, 0x0000000100000000)
  eden space 130560K, 0% used [0x00000000f5580000,0x00000000f5580000,0x00000000fd500000)
  from space 13824K, 99% used [0x00000000ff280000,0x00000000ffffb7c0,0x0000000100000000)
  to   space 22016K, 0% used [0x00000000fd500000,0x00000000fd500000,0x00000000fea80000)
 ParOldGen       total 88576K, used 31143K [0x00000000e0000000, 0x00000000e5680000, 0x00000000f5580000)
  object space 88576K, 35% used [0x00000000e0000000,0x00000000e1e69fa0,0x00000000e5680000)
 Metaspace       used 57005K, capacity 58920K, committed 59096K, reserved 1099776K
  class space    used 7853K, capacity 8331K, committed 8448K, reserved 1048576K
Event: 75.210 GC heap after
Heap after GC invocations=13 (full 3):
 PSYoungGen      total 144384K, used 0K [0x00000000f5580000, 0x0000000100000000, 0x0000000100000000)
  eden space 130560K, 0% used [0x00000000f5580000,0x00000000f5580000,0x00000000fd500000)
  from space 13824K, 0% used [0x00000000ff280000,0x00000000ff280000,0x0000000100000000)
  to   space 22016K, 0% used [0x00000000fd500000,0x00000000fd500000,0x00000000fea80000)
 ParOldGen       total 140800K, used 36120K [0x00000000e0000000, 0x00000000e8980000, 0x00000000f5580000)
  object space 140800K, 25% used [0x00000000e0000000,0x00000000e2346188,0x00000000e8980000)
 Metaspace       used 57005K, capacity 58920K, committed 59096K, reserved 1099776K
  class space    used 7853K, capacity 8331K, committed 8448K, reserved 1048576K
}
Event: 107.415 GC heap before
{Heap before GC invocations=14 (full 3):
 PSYoungGen      total 144384K, used 126086K [0x00000000f5580000, 0x0000000100000000, 0x0000000100000000)
  eden space 130560K, 96% used [0x00000000f5580000,0x00000000fd0a19a8,0x00000000fd500000)
  from space 13824K, 0% used [0x00000000ff280000,0x00000000ff280000,0x0000000100000000)
  to   space 22016K, 0% used [0x00000000fd500000,0x00000000fd500000,0x00000000fea80000)
 ParOldGen       total 140800K, used 36120K [0x00000000e0000000, 0x00000000e8980000, 0x00000000f5580000)
  object space 140800K, 25% used [0x00000000e0000000,0x00000000e2346188,0x00000000e8980000)
 Metaspace       used 59632K, capacity 61892K, committed 61912K, reserved 1105920K
  class space    used 8163K, capacity 8693K, committed 8704K, reserved 1048576K
Event: 107.496 GC heap after
Heap after GC invocations=14 (full 3):
 PSYoungGen      total 152576K, used 9985K [0x00000000f5580000, 0x0000000100000000, 0x0000000100000000)
  eden space 130560K, 0% used [0x00000000f5580000,0x00000000f5580000,0x00000000fd500000)
  from space 22016K, 45% used [0x00000000fd500000,0x00000000fdec0550,0x00000000fea80000)
  to   space 20992K, 0% used [0x00000000feb80000,0x00000000feb80000,0x0000000100000000)
 ParOldGen       total 140800K, used 36128K [0x00000000e0000000, 0x00000000e8980000, 0x00000000f5580000)
  object space 140800K, 25% used [0x00000000e0000000,0x00000000e2348188,0x00000000e8980000)
 Metaspace       used 59632K, capacity 61892K, committed 61912K, reserved 1105920K
  class space    used 8163K, capacity 8693K, committed 8704K, reserved 1048576K
}
Event: 107.496 GC heap before
{Heap before GC invocations=15 (full 4):
 PSYoungGen      total 152576K, used 9985K [0x00000000f5580000, 0x0000000100000000, 0x0000000100000000)
  eden space 130560K, 0% used [0x00000000f5580000,0x00000000f5580000,0x00000000fd500000)
  from space 22016K, 45% used [0x00000000fd500000,0x00000000fdec0550,0x00000000fea80000)
  to   space 20992K, 0% used [0x00000000feb80000,0x00000000feb80000,0x0000000100000000)
 ParOldGen       total 140800K, used 36128K [0x00000000e0000000, 0x00000000e8980000, 0x00000000f5580000)
  object space 140800K, 25% used [0x00000000e0000000,0x00000000e2348188,0x00000000e8980000)
 Metaspace       used 59632K, capacity 61892K, committed 61912K, reserved 1105920K
  class space    used 8163K, capacity 8693K, committed 8704K, reserved 1048576K
Event: 108.763 GC heap after
Heap after GC invocations=15 (full 4):
 PSYoungGen      total 152576K, used 0K [0x00000000f5580000, 0x0000000100000000, 0x0000000100000000)
  eden space 130560K, 0% used [0x00000000f5580000,0x00000000f5580000,0x00000000fd500000)
  from space 22016K, 0% used [0x00000000fd500000,0x00000000fd500000,0x00000000fea80000)
  to   space 20992K, 0% used [0x00000000feb80000,0x00000000feb80000,0x0000000100000000)
 ParOldGen       total 140800K, used 39231K [0x00000000e0000000, 0x00000000e8980000, 0x00000000f5580000)
  object space 140800K, 27% used [0x00000000e0000000,0x00000000e264fc50,0x00000000e8980000)
 Metaspace       used 59632K, capacity 61892K, committed 61912K, reserved 1103872K
  class space    used 8163K, capacity 8693K, committed 8704K, reserved 1048576K
}

