# JRE version: OpenJDK Runtime Environment (8.0_212-b04) (build 1.8.0_212-release-1586-b04)
# Java VM: OpenJDK 64-Bit Server VM (25.212-b04 mixed mode windows-amd64 compressed oops)
Heap:
 PSYoungGen      total 90112K, used 29450K [0x00000000f5580000, 0x00000000fbe00000, 0x0000000100000000)
  eden space 80384K, 36% used [0x00000000f5580000,0x00000000f72429a0,0x00000000fa400000)
  from space 9728K, 0% used [0x00000000fb480000,0x00000000fb480000,0x00000000fbe00000)
  to   space 6656K, 0% used [0x00000000fae00000,0x00000000fae00000,0x00000000fb480000)
 ParOldGen       total 56320K, used 14070K [0x00000000e0000000, 0x00000000e3700000, 0x00000000f5580000)
  object space 56320K, 24% used [0x00000000e0000000,0x00000000e0dbda40,0x00000000e3700000)
 Metaspace       used 35319K, capacity 36418K, committed 36736K, reserved 1083392K
  class space    used 4847K, capacity 5152K, committed 5248K, reserved 1048576K
GC Heap History (10 events):
Event: 23.695 GC heap before
{Heap before GC invocations=9 (full 2):
 PSYoungGen      total 57344K, used 4082K [0x00000000f5580000, 0x00000000fc800000, 0x0000000100000000)
  eden space 53248K, 0% used [0x00000000f5580000,0x00000000f5580000,0x00000000f8980000)
  from space 4096K, 99% used [0x00000000f8980000,0x00000000f8d7cba0,0x00000000f8d80000)
  to   space 10752K, 0% used [0x00000000fbd80000,0x00000000fbd80000,0x00000000fc800000)
 ParOldGen       total 56320K, used 16125K [0x00000000e0000000, 0x00000000e3700000, 0x00000000f5580000)
  object space 56320K, 28% used [0x00000000e0000000,0x00000000e0fbf580,0x00000000e3700000)
 Metaspace       used 27004K, capacity 27516K, committed 27648K, reserved 1077248K
  class space    used 3645K, capacity 3811K, committed 3840K, reserved 1048576K
Event: 24.052 GC heap after
Heap after GC invocations=9 (full 2):
 PSYoungGen      total 57344K, used 0K [0x00000000f5580000, 0x00000000fc800000, 0x0000000100000000)
  eden space 53248K, 0% used [0x00000000f5580000,0x00000000f5580000,0x00000000f8980000)
  from space 4096K, 0% used [0x00000000f8980000,0x00000000f8980000,0x00000000f8d80000)
  to   space 10752K, 0% used [0x00000000fbd80000,0x00000000fbd80000,0x00000000fc800000)
 ParOldGen       total 56320K, used 12948K [0x00000000e0000000, 0x00000000e3700000, 0x00000000f5580000)
  object space 56320K, 22% used [0x00000000e0000000,0x00000000e0ca5008,0x00000000e3700000)
 Metaspace       used 27004K, capacity 27516K, committed 27648K, reserved 1075200K
  class space    used 3645K, capacity 3811K, committed 3840K, reserved 1048576K
}
Event: 26.388 GC heap before
{Heap before GC invocations=10 (full 2):
 PSYoungGen      total 57344K, used 53248K [0x00000000f5580000, 0x00000000fc800000, 0x0000000100000000)
  eden space 53248K, 100% used [0x00000000f5580000,0x00000000f8980000,0x00000000f8980000)
  from space 4096K, 0% used [0x00000000f8980000,0x00000000f8980000,0x00000000f8d80000)
  to   space 10752K, 0% used [0x00000000fbd80000,0x00000000fbd80000,0x00000000fc800000)
 ParOldGen       total 56320K, used 12948K [0x00000000e0000000, 0x00000000e3700000, 0x00000000f5580000)
  object space 56320K, 22% used [0x00000000e0000000,0x00000000e0ca5008,0x00000000e3700000)
 Metaspace       used 30193K, capacity 30872K, committed 31232K, reserved 1077248K
  class space    used 4086K, capacity 4307K, committed 4352K, reserved 1048576K
Event: 26.436 GC heap after
Heap after GC invocations=10 (full 2):
 PSYoungGen      total 72704K, used 4389K [0x00000000f5580000, 0x00000000fc200000, 0x0000000100000000)
  eden space 68096K, 0% used [0x00000000f5580000,0x00000000f5580000,0x00000000f9800000)
  from space 4608K, 95% used [0x00000000fbd80000,0x00000000fc1c95f0,0x00000000fc200000)
  to   space 10240K, 0% used [0x00000000fae00000,0x00000000fae00000,0x00000000fb800000)
 ParOldGen       total 56320K, used 12948K [0x00000000e0000000, 0x00000000e3700000, 0x00000000f5580000)
  object space 56320K, 22% used [0x00000000e0000000,0x00000000e0ca5008,0x00000000e3700000)
 Metaspace       used 30193K, capacity 30872K, committed 31232K, reserved 1077248K
  class space    used 4086K, capacity 4307K, committed 4352K, reserved 1048576K
}
Event: 28.976 GC heap before
{Heap before GC invocations=11 (full 2):
 PSYoungGen      total 72704K, used 72485K [0x00000000f5580000, 0x00000000fc200000, 0x0000000100000000)
  eden space 68096K, 100% used [0x00000000f5580000,0x00000000f9800000,0x00000000f9800000)
  from space 4608K, 95% used [0x00000000fbd80000,0x00000000fc1c95f0,0x00000000fc200000)
  to   space 10240K, 0% used [0x00000000fae00000,0x00000000fae00000,0x00000000fb800000)
 ParOldGen       total 56320K, used 12948K [0x00000000e0000000, 0x00000000e3700000, 0x00000000f5580000)
  object space 56320K, 22% used [0x00000000e0000000,0x00000000e0ca5008,0x00000000e3700000)
 Metaspace       used 33508K, capacity 34310K, committed 34560K, reserved 1079296K
  class space    used 4592K, capacity 4848K, committed 4864K, reserved 1048576K
Event: 29.065 GC heap after
Heap after GC invocations=11 (full 2):
 PSYoungGen      total 87040K, used 6628K [0x00000000f5580000, 0x00000000fbe00000, 0x0000000100000000)
  eden space 80384K, 0% used [0x00000000f5580000,0x00000000f5580000,0x00000000fa400000)
  from space 6656K, 99% used [0x00000000fae00000,0x00000000fb479350,0x00000000fb480000)
  to   space 9728K, 0% used [0x00000000fb480000,0x00000000fb480000,0x00000000fbe00000)
 ParOldGen       total 56320K, used 12948K [0x00000000e0000000, 0x00000000e3700000, 0x00000000f5580000)
  object space 56320K, 22% used [0x00000000e0000000,0x00000000e0ca5008,0x00000000e3700000)
 Metaspace       used 33508K, capacity 34310K, committed 34560K, reserved 1079296K
  class space    used 4592K, capacity 4848K, committed 4864K, reserved 1048576K
}
Event: 30.830 GC heap before
{Heap before GC invocations=12 (full 2):
 PSYoungGen      total 87040K, used 21630K [0x00000000f5580000, 0x00000000fbe00000, 0x0000000100000000)
  eden space 80384K, 18% used [0x00000000f5580000,0x00000000f6426740,0x00000000fa400000)
  from space 6656K, 99% used [0x00000000fae00000,0x00000000fb479350,0x00000000fb480000)
  to   space 9728K, 0% used [0x00000000fb480000,0x00000000fb480000,0x00000000fbe00000)
 ParOldGen       total 56320K, used 12948K [0x00000000e0000000, 0x00000000e3700000, 0x00000000f5580000)
  object space 56320K, 22% used [0x00000000e0000000,0x00000000e0ca5008,0x00000000e3700000)
 Metaspace       used 34236K, capacity 35102K, committed 35200K, reserved 1085440K
  class space    used 4690K, capacity 4918K, committed 4992K, reserved 1048576K
Event: 30.874 GC heap after
Heap after GC invocations=12 (full 2):
 PSYoungGen      total 90112K, used 4081K [0x00000000f5580000, 0x00000000fbe00000, 0x0000000100000000)
  eden space 80384K, 0% used [0x00000000f5580000,0x00000000f5580000,0x00000000fa400000)
  from space 9728K, 41% used [0x00000000fb480000,0x00000000fb87c6d8,0x00000000fbe00000)
  to   space 6656K, 0% used [0x00000000fae00000,0x00000000fae00000,0x00000000fb480000)
 ParOldGen       total 56320K, used 12956K [0x00000000e0000000, 0x00000000e3700000, 0x00000000f5580000)
  object space 56320K, 23% used [0x00000000e0000000,0x00000000e0ca7008,0x00000000e3700000)
 Metaspace       used 34236K, capacity 35102K, committed 35200K, reserved 1085440K
  class space    used 4690K, capacity 4918K, committed 4992K, reserved 1048576K
}
Event: 30.874 GC heap before
{Heap before GC invocations=13 (full 3):
 PSYoungGen      total 90112K, used 4081K [0x00000000f5580000, 0x00000000fbe00000, 0x0000000100000000)
  eden space 80384K, 0% used [0x00000000f5580000,0x00000000f5580000,0x00000000fa400000)
  from space 9728K, 41% used [0x00000000fb480000,0x00000000fb87c6d8,0x00000000fbe00000)
  to   space 6656K, 0% used [0x00000000fae00000,0x00000000fae00000,0x00000000fb480000)
 ParOldGen       total 56320K, used 12956K [0x00000000e0000000, 0x00000000e3700000, 0x00000000f5580000)
  object space 56320K, 23% used [0x00000000e0000000,0x00000000e0ca7008,0x00000000e3700000)
 Metaspace       used 34236K, capacity 35102K, committed 35200K, reserved 1085440K
  class space    used 4690K, capacity 4918K, committed 4992K, reserved 1048576K
Event: 31.437 GC heap after
Heap after GC invocations=13 (full 3):
 PSYoungGen      total 90112K, used 0K [0x00000000f5580000, 0x00000000fbe00000, 0x0000000100000000)
  eden space 80384K, 0% used [0x00000000f5580000,0x00000000f5580000,0x00000000fa400000)
  from space 9728K, 0% used [0x00000000fb480000,0x00000000fb480000,0x00000000fbe00000)
  to   space 6656K, 0% used [0x00000000fae00000,0x00000000fae00000,0x00000000fb480000)
 ParOldGen       total 56320K, used 14070K [0x00000000e0000000, 0x00000000e3700000, 0x00000000f5580000)
  object space 56320K, 24% used [0x00000000e0000000,0x00000000e0dbda40,0x00000000e3700000)
 Metaspace       used 34236K, capacity 35102K, committed 35200K, reserved 1083392K
  class space    used 4690K, capacity 4918K, committed 4992K, reserved 1048576K
}

